<?xml version="1.0" encoding="UTF-8"?>
<!-- Generated by org.testng.reporters.JUnitXMLReporter -->
<testsuite hostname="MIT01524" ignored="3" name="Payment Gateway Test Cases" tests="1" failures="0" timestamp="03 May 2018 00:30:35 GMT" time="24.074" errors="0">
  <testcase name="verifyPreAuthForNewCustomerSingleDomain" time="16.732" classname="com.paymentgateway.ui.dmz.testcases.DomainRegistrationPreAuthTest"/>
  <testcase name="verifyPreAuthForExistingCustomerMultipleProducts" time="0.0" classname="com.paymentgateway.ui.dmz.testcases.DomainRegistrationPreAuthTest">
    <ignored/>
  </testcase> <!-- verifyPreAuthForExistingCustomerMultipleProducts -->
  <testcase name="verifyPreAuthForNewCustomerSingleProduct" time="0.0" classname="com.paymentgateway.ui.dmz.testcases.DomainRegistrationPreAuthTest">
    <ignored/>
  </testcase> <!-- verifyPreAuthForNewCustomerSingleProduct -->
  <testcase name="verifyPreAuthForExistingCustomerMultipleDomains" time="0.0" classname="com.paymentgateway.ui.dmz.testcases.DomainRegistrationPreAuthTest">
    <ignored/>
  </testcase> <!-- verifyPreAuthForExistingCustomerMultipleDomains -->
</testsuite> <!-- Payment Gateway Test Cases -->
