<?xml version="1.0" encoding="UTF-8"?>
<!-- Generated by org.testng.reporters.JUnitXMLReporter -->
<testsuite hostname="MIT01524" ignored="5" name="Regression Test Cases" tests="1" failures="0" timestamp="16 Nov 2018 06:05:50 GMT" time="76.564" errors="0">
  <testcase name="testCreateDomainAndMajorProductOrderInSalesDB" time="76.51" classname="com.paymentgateway.uat.domainz.testcases.RegressionTest"/>
  <testcase name="testPayInvoiceUsingExistingCardFromSalesDB" time="0.0" classname="com.paymentgateway.uat.domainz.testcases.RegressionTest">
    <ignored/>
  </testcase> <!-- testPayInvoiceUsingExistingCardFromSalesDB -->
  <testcase name="testRefundPaymentInSalesDB" time="0.0" classname="com.paymentgateway.uat.domainz.testcases.RegressionTest">
    <ignored/>
  </testcase> <!-- testRefundPaymentInSalesDB -->
  <testcase name="testViewBillingInConsoleAdmin" time="0.0" classname="com.paymentgateway.uat.domainz.testcases.RegressionTest">
    <ignored/>
  </testcase> <!-- testViewBillingInConsoleAdmin -->
  <testcase name="testDomainRegistration2WorkflowInConsoleAdmin" time="0.0" classname="com.paymentgateway.uat.domainz.testcases.RegressionTest">
    <ignored/>
  </testcase> <!-- testDomainRegistration2WorkflowInConsoleAdmin -->
  <testcase name="testProductSetup2WorkflowInConsoleAdmin" time="0.0" classname="com.paymentgateway.uat.domainz.testcases.RegressionTest">
    <ignored/>
  </testcase> <!-- testProductSetup2WorkflowInConsoleAdmin -->
</testsuite> <!-- Regression Test Cases -->
