<?xml version="1.0" encoding="UTF-8"?>
<!-- Generated by org.testng.reporters.JUnitXMLReporter -->
<testsuite hostname="MIT01524" ignored="0" name="Payment Gateway Test Cases" tests="2" failures="0" timestamp="10 May 2018 23:34:24 GMT" time="180.797" errors="0">
  <testcase name="verifyDomainRegistrationInSalesDBForExistingCustomerExistingCard" time="169.404" classname="com.paymentgateway.ui.dmz.testcases.DomainzSalesDBJourneyTest"/>
  <testcase name="verifyDomainRegistrationInSalesDBForMigratedCustomerNewCard" time="11.355" classname="com.paymentgateway.ui.dmz.testcases.DomainzSalesDBJourneyTest"/>
</testsuite> <!-- Payment Gateway Test Cases -->
