<?xml version="1.0" encoding="UTF-8"?>
<!-- Generated by org.testng.reporters.JUnitXMLReporter -->
<testsuite hostname="MIT01524" ignored="0" name="Default test" tests="3" failures="0" timestamp="23 Apr 2018 04:09:55 GMT" time="81.582" errors="0">
  <testcase name="verifyPreAuthorization" time="18.394" classname="com.paymentgateway.ui.dmz.testcases.DomainRegistrationPreAuth"/>
  <testcase name="verifyPreAuthorization" time="21.507" classname="com.paymentgateway.ui.dmz.testcases.DomainRegistrationPreAuth"/>
  <testcase name="verifyPreAuthorization" time="19.059" classname="com.paymentgateway.ui.dmz.testcases.DomainRegistrationPreAuth"/>
</testsuite> <!-- Default test -->
