<?xml version="1.0" encoding="UTF-8"?>
<!-- Generated by org.testng.reporters.JUnitXMLReporter -->
<testsuite hostname="MIT01524" ignored="0" name="Payment Gateway Test Cases" tests="3" failures="2" timestamp="23 Apr 2018 03:57:22 GMT" time="99.488" errors="0">
  <testcase name="verifyPreAuthorization" time="20.168" classname="com.paymentgateway.ui.dmz.testcases.DomainRegistrationPreAuth">
    <failure type="java.lang.AssertionError" message="Order completion status expected [false] but found [true]">
      <![CDATA[java.lang.AssertionError: Order completion status expected [false] but found [true]
at com.paymentgateway.ui.dmz.testcases.DomainRegistrationPreAuth.verifyPreAuthorization(DomainRegistrationPreAuth.java:96)
... Removed 28 stack frames]]>
    </failure>
  </testcase> <!-- verifyPreAuthorization -->
  <testcase name="verifyPreAuthorization" time="24.551" classname="com.paymentgateway.ui.dmz.testcases.DomainRegistrationPreAuth">
    <failure type="java.lang.AssertionError" message="Order completion status expected [false] but found [true]">
      <![CDATA[java.lang.AssertionError: Order completion status expected [false] but found [true]
at com.paymentgateway.ui.dmz.testcases.DomainRegistrationPreAuth.verifyPreAuthorization(DomainRegistrationPreAuth.java:96)
... Removed 28 stack frames]]>
    </failure>
  </testcase> <!-- verifyPreAuthorization -->
  <testcase name="verifyPreAuthorization" time="33.275" classname="com.paymentgateway.ui.dmz.testcases.DomainRegistrationPreAuth"/>
</testsuite> <!-- Payment Gateway Test Cases -->
