<?xml version="1.0" encoding="UTF-8"?>
<!-- Generated by org.testng.reporters.JUnitXMLReporter -->
<testsuite hostname="MIT01524" ignored="0" name="Payment Gateway Test Cases for Domainz" tests="3" failures="0" timestamp="23 Apr 2018 04:25:02 GMT" time="84.03" errors="0">
  <testcase name="verifyPreAuthorization" time="18.76" classname="com.paymentgateway.ui.dmz.testcases.DomainRegistrationPreAuth"/>
  <testcase name="verifyPreAuthorization" time="21.215" classname="com.paymentgateway.ui.dmz.testcases.DomainRegistrationPreAuth"/>
  <testcase name="verifyPreAuthorization" time="19.815" classname="com.paymentgateway.ui.dmz.testcases.DomainRegistrationPreAuth"/>
</testsuite> <!-- Payment Gateway Test Cases for Domainz -->
