<?xml version="1.0" encoding="UTF-8"?>
<!-- Generated by org.testng.reporters.JUnitXMLReporter -->
<testsuite hostname="MIT01524" ignored="3" name="Payment Gateway Test Cases" tests="1" failures="0" timestamp="10 Aug 2018 01:20:25 GMT" time="67.433" errors="0">
  <testcase name="verifySingleDomainOrderInSalesDB" time="67.362" classname="com.paymentgateway.ui.dmz.testcases.DomainzSalesDBJourneyTest"/>
  <testcase name="verifyMultipleProductsOrderInSalesDB" time="0.0" classname="com.paymentgateway.ui.dmz.testcases.DomainzSalesDBJourneyTest">
    <ignored/>
  </testcase> <!-- verifyMultipleProductsOrderInSalesDB -->
  <testcase name="verifySingleDomainandMultipleProductsOrderInSalesDB" time="0.0" classname="com.paymentgateway.ui.dmz.testcases.DomainzSalesDBJourneyTest">
    <ignored/>
  </testcase> <!-- verifySingleDomainandMultipleProductsOrderInSalesDB -->
  <testcase name="verifySingleDomainandSingleProductOrderInSalesDB" time="0.0" classname="com.paymentgateway.ui.dmz.testcases.DomainzSalesDBJourneyTest">
    <ignored/>
  </testcase> <!-- verifySingleDomainandSingleProductOrderInSalesDB -->
</testsuite> <!-- Payment Gateway Test Cases -->
