<?xml version="1.0" encoding="UTF-8"?>
<!-- Generated by org.testng.reporters.JUnitXMLReporter -->
<testsuite hostname="MIT01524" ignored="3" name="Payment Gateway Test Cases" tests="1" failures="0" timestamp="31 May 2018 05:31:56 GMT" time="169.56" errors="0">
  <testcase name="verifyMultipleProductsOrderInSalesDB" time="169.544" classname="com.paymentgateway.ui.dmz.testcases.DomainzSalesDBJourneyTest"/>
  <testcase name="verifySingleDomainandMultipleProductsOrderInSalesDB" time="0.0" classname="com.paymentgateway.ui.dmz.testcases.DomainzSalesDBJourneyTest">
    <ignored/>
  </testcase> <!-- verifySingleDomainandMultipleProductsOrderInSalesDB -->
  <testcase name="verifySingleDomainOrderInSalesDB" time="0.0" classname="com.paymentgateway.ui.dmz.testcases.DomainzSalesDBJourneyTest">
    <ignored/>
  </testcase> <!-- verifySingleDomainOrderInSalesDB -->
  <testcase name="verifySingleDomainandSingleProductOrderInSalesDB" time="0.0" classname="com.paymentgateway.ui.dmz.testcases.DomainzSalesDBJourneyTest">
    <ignored/>
  </testcase> <!-- verifySingleDomainandSingleProductOrderInSalesDB -->
</testsuite> <!-- Payment Gateway Test Cases -->
