<?xml version="1.0" encoding="UTF-8"?>
<!-- Generated by org.testng.reporters.JUnitXMLReporter -->
<testsuite hostname="MIT01524" ignored="21" name="Payment Gateway Test Cases" tests="1" failures="0" timestamp="22 May 2018 11:22:40 GMT" time="18.959" errors="0">
  <testcase name="verifyHostingSignupForNewCustomer" time="8.735" classname="com.paymentgateway.ui.nrg.testcases.NetregistryOldCustomerCartJourneyTest"/>
  <testcase name="verifySocialMediaAdvertisingForExistingCustomer" time="0.0" classname="com.paymentgateway.ui.nrg.testcases.NetregistryOldCustomerCartJourneyTest">
    <ignored/>
  </testcase> <!-- verifySocialMediaAdvertisingForExistingCustomer -->
  <testcase name="verifySSLForNewCustomer" time="0.0" classname="com.paymentgateway.ui.nrg.testcases.NetregistryOldCustomerCartJourneyTest">
    <ignored/>
  </testcase> <!-- verifySSLForNewCustomer -->
  <testcase name="verifyDomainTransferForExistingCustomer" time="0.0" classname="com.paymentgateway.ui.nrg.testcases.NetregistryOldCustomerCartJourneyTest">
    <ignored/>
  </testcase> <!-- verifyDomainTransferForExistingCustomer -->
  <testcase name="verifyDomainRenewalForExistingCustomer" time="0.0" classname="com.paymentgateway.ui.nrg.testcases.NetregistryOldCustomerCartJourneyTest">
    <ignored/>
  </testcase> <!-- verifyDomainRenewalForExistingCustomer -->
  <testcase name="verifySEOForExistingCustomer" time="0.0" classname="com.paymentgateway.ui.nrg.testcases.NetregistryOldCustomerCartJourneyTest">
    <ignored/>
  </testcase> <!-- verifySEOForExistingCustomer -->
  <testcase name="verifyEmailMarketingForNewCustomer" time="0.0" classname="com.paymentgateway.ui.nrg.testcases.NetregistryOldCustomerCartJourneyTest">
    <ignored/>
  </testcase> <!-- verifyEmailMarketingForNewCustomer -->
  <testcase name="verifyDomainRegistrationForExistingCustomer" time="0.0" classname="com.paymentgateway.ui.nrg.testcases.NetregistryOldCustomerCartJourneyTest">
    <ignored/>
  </testcase> <!-- verifyDomainRegistrationForExistingCustomer -->
  <testcase name="verifyHostingSignupForExistingCustomer" time="0.0" classname="com.paymentgateway.ui.nrg.testcases.NetregistryOldCustomerCartJourneyTest">
    <ignored/>
  </testcase> <!-- verifyHostingSignupForExistingCustomer -->
  <testcase name="verifyOffice365ForExistingCustomer" time="0.0" classname="com.paymentgateway.ui.nrg.testcases.NetregistryOldCustomerCartJourneyTest">
    <ignored/>
  </testcase> <!-- verifyOffice365ForExistingCustomer -->
  <testcase name="verifySocialMediaAdvertisingForNewCustomer" time="0.0" classname="com.paymentgateway.ui.nrg.testcases.NetregistryOldCustomerCartJourneyTest">
    <ignored/>
  </testcase> <!-- verifySocialMediaAdvertisingForNewCustomer -->
  <testcase name="verifyHostingAndWebsiteDoneForYouForExistingCustomer" time="0.0" classname="com.paymentgateway.ui.nrg.testcases.NetregistryOldCustomerCartJourneyTest">
    <ignored/>
  </testcase> <!-- verifyHostingAndWebsiteDoneForYouForExistingCustomer -->
  <testcase name="verifyOutstandingInvoicesForExistingCustomer" time="0.0" classname="com.paymentgateway.ui.nrg.testcases.NetregistryOldCustomerCartJourneyTest">
    <ignored/>
  </testcase> <!-- verifyOutstandingInvoicesForExistingCustomer -->
  <testcase name="verifySSLForExistingCustomer" time="0.0" classname="com.paymentgateway.ui.nrg.testcases.NetregistryOldCustomerCartJourneyTest">
    <ignored/>
  </testcase> <!-- verifySSLForExistingCustomer -->
  <testcase name="verifyDomainRegistrationForNewCustomer" time="0.0" classname="com.paymentgateway.ui.nrg.testcases.NetregistryOldCustomerCartJourneyTest">
    <ignored/>
  </testcase> <!-- verifyDomainRegistrationForNewCustomer -->
  <testcase name="verifyWebDesignWordpressForExistingCustomer" time="0.0" classname="com.paymentgateway.ui.nrg.testcases.NetregistryOldCustomerCartJourneyTest">
    <ignored/>
  </testcase> <!-- verifyWebDesignWordpressForExistingCustomer -->
  <testcase name="verifySSLRenewalForExistingCustomer" time="0.0" classname="com.paymentgateway.ui.nrg.testcases.NetregistryOldCustomerCartJourneyTest">
    <ignored/>
  </testcase> <!-- verifySSLRenewalForExistingCustomer -->
  <testcase name="verifyWebDesignWordpressForNewCustomer" time="0.0" classname="com.paymentgateway.ui.nrg.testcases.NetregistryOldCustomerCartJourneyTest">
    <ignored/>
  </testcase> <!-- verifyWebDesignWordpressForNewCustomer -->
  <testcase name="verifyHostingAndWebsiteDoneForYouForNewCustomer" time="0.0" classname="com.paymentgateway.ui.nrg.testcases.NetregistryOldCustomerCartJourneyTest">
    <ignored/>
  </testcase> <!-- verifyHostingAndWebsiteDoneForYouForNewCustomer -->
  <testcase name="verifyEmailMarketingForExistingCustomer" time="0.0" classname="com.paymentgateway.ui.nrg.testcases.NetregistryOldCustomerCartJourneyTest">
    <ignored/>
  </testcase> <!-- verifyEmailMarketingForExistingCustomer -->
  <testcase name="verifyProductRenewalForExistingCustomer" time="0.0" classname="com.paymentgateway.ui.nrg.testcases.NetregistryOldCustomerCartJourneyTest">
    <ignored/>
  </testcase> <!-- verifyProductRenewalForExistingCustomer -->
  <testcase name="verifySEOForNewCustomer" time="0.0" classname="com.paymentgateway.ui.nrg.testcases.NetregistryOldCustomerCartJourneyTest">
    <ignored/>
  </testcase> <!-- verifySEOForNewCustomer -->
</testsuite> <!-- Payment Gateway Test Cases -->
