<?xml version="1.0" encoding="UTF-8"?>
<!-- Generated by org.testng.reporters.JUnitXMLReporter -->
<testsuite hostname="MIT01524" ignored="0" name="Regression Test Cases" tests="5" failures="0" timestamp="27 Nov 2018 05:38:07 GMT" time="491.253" errors="0">
  <testcase name="verify_ComAuDomain_Order_InSalesDB" time="112.483" classname="com.consoleregression.testcases.SalesDBJourneyTest"/>
  <testcase name="verify_NetDomain_and_DIFM_Order_InSalesDB" time="142.056" classname="com.consoleregression.testcases.SalesDBJourneyTest"/>
  <testcase name="verify_ComDomain_and_Office365_Order_InSalesDB" time="158.437" classname="com.consoleregression.testcases.SalesDBJourneyTest"/>
  <testcase name="verifyDomainRegistrationOrderForNewCustomerInCustomerPortal" time="38.682" classname="com.consoleregression.testcases.CustomerPortalJourneyTest"/>
  <testcase name="verifyDomainandMultipleProductOrderForReturningCustomerInCustomerPortal" time="39.531" classname="com.consoleregression.testcases.CustomerPortalJourneyTest"/>
</testsuite> <!-- Regression Test Cases -->
