<?xml version="1.0" encoding="UTF-8"?>
<!-- Generated by org.testng.reporters.JUnitXMLReporter -->
<testsuite hostname="MIT01524" ignored="2" name="Regression Test Cases" tests="1" failures="1" timestamp="13 Sep 2018 04:59:34 GMT" time="161.469" errors="0">
  <testcase name="verify_ComDomain_and_Office365_Order_InSalesDB" time="161.439" classname="com.consoleregression.testcases.SalesDBJourneyTest">
    <failure type="java.lang.AssertionError" message="productsetup2 status:  expected [approved] but found [setup hosting package failed]">
      <![CDATA[java.lang.AssertionError: productsetup2 status:  expected [approved] but found [setup hosting package failed]
at com.consoleregression.testcases.SalesDBJourneyTest.verify_ComDomain_and_Office365_Order_InSalesDB(SalesDBJourneyTest.java:291)
... Removed 30 stack frames]]>
    </failure>
  </testcase> <!-- verify_ComDomain_and_Office365_Order_InSalesDB -->
  <testcase name="verifyDomainandSingleProductOrderInSalesDB" time="0.0" classname="com.consoleregression.testcases.SalesDBJourneyTest">
    <ignored/>
  </testcase> <!-- verifyDomainandSingleProductOrderInSalesDB -->
  <testcase name="verifyDomainRegistrationSingleOrderInSalesDB" time="0.0" classname="com.consoleregression.testcases.SalesDBJourneyTest">
    <ignored/>
  </testcase> <!-- verifyDomainRegistrationSingleOrderInSalesDB -->
</testsuite> <!-- Regression Test Cases -->
