<?xml version="1.0" encoding="UTF-8"?>
<testng-results skipped="0" failed="0" ignored="0" total="3" passed="3">
  <reporter-output>
  </reporter-output>
  <suite name="Payment Gateway Project Test Automation Regression Test Suite" duration-ms="85793" started-at="2018-04-26T02:57:50Z" finished-at="2018-04-26T02:59:16Z">
    <groups>
    </groups>
    <test name="Payment Gateway Test Cases" duration-ms="85793" started-at="2018-04-26T02:57:50Z" finished-at="2018-04-26T02:59:16Z">
      <class name="com.paymentgateway.ui.dmz.testcases.DomainRegistrationPreAuth">
        <test-method status="PASS" signature="setUp()[pri:0, instance:com.paymentgateway.ui.dmz.testcases.DomainRegistrationPreAuth@6eebc39e]" name="setUp" is-config="true" duration-ms="8534" started-at="2018-04-26T02:57:50Z" finished-at="2018-04-26T02:57:59Z">
          <reporter-output>
          </reporter-output>
        </test-method> <!-- setUp -->
        <test-method status="PASS" signature="verifyPreAuthorization(java.lang.String, java.lang.String, java.lang.String, java.lang.String)[pri:1, instance:com.paymentgateway.ui.dmz.testcases.DomainRegistrationPreAuth@6eebc39e]" name="verifyPreAuthorization" duration-ms="19553" started-at="2018-04-26T02:57:59Z" data-provider="getPaymentGatewayTestData" finished-at="2018-04-26T02:58:19Z">
          <params>
            <param index="0">
              <value>
                <![CDATA[New/New Customer]]>
              </value>
            </param>
            <param index="1">
              <value>
                <![CDATA[New]]>
              </value>
            </param>
            <param index="2">
              <value>
                <![CDATA[n/a]]>
              </value>
            </param>
            <param index="3">
              <value>
                <![CDATA[n/a]]>
              </value>
            </param>
          </params>
          <reporter-output>
          </reporter-output>
        </test-method> <!-- verifyPreAuthorization -->
        <test-method status="PASS" signature="tearDown()[pri:0, instance:com.paymentgateway.ui.dmz.testcases.DomainRegistrationPreAuth@6eebc39e]" name="tearDown" is-config="true" duration-ms="758" started-at="2018-04-26T02:58:19Z" finished-at="2018-04-26T02:58:19Z">
          <reporter-output>
          </reporter-output>
        </test-method> <!-- tearDown -->
        <test-method status="PASS" signature="setUp()[pri:0, instance:com.paymentgateway.ui.dmz.testcases.DomainRegistrationPreAuth@6eebc39e]" name="setUp" is-config="true" duration-ms="7025" started-at="2018-04-26T02:58:19Z" finished-at="2018-04-26T02:58:26Z">
          <reporter-output>
          </reporter-output>
        </test-method> <!-- setUp -->
        <test-method status="PASS" signature="verifyPreAuthorization(java.lang.String, java.lang.String, java.lang.String, java.lang.String)[pri:1, instance:com.paymentgateway.ui.dmz.testcases.DomainRegistrationPreAuth@6eebc39e]" name="verifyPreAuthorization" duration-ms="21173" started-at="2018-04-26T02:58:26Z" data-provider="getPaymentGatewayTestData" finished-at="2018-04-26T02:58:47Z">
          <params>
            <param index="0">
              <value>
                <![CDATA[New/Returning Customer]]>
              </value>
            </param>
            <param index="1">
              <value>
                <![CDATA[New]]>
              </value>
            </param>
            <param index="2">
              <value>
                <![CDATA[PAY-279]]>
              </value>
            </param>
            <param index="3">
              <value>
                <![CDATA[ggBgtYs85]]>
              </value>
            </param>
          </params>
          <reporter-output>
          </reporter-output>
        </test-method> <!-- verifyPreAuthorization -->
        <test-method status="PASS" signature="tearDown()[pri:0, instance:com.paymentgateway.ui.dmz.testcases.DomainRegistrationPreAuth@6eebc39e]" name="tearDown" is-config="true" duration-ms="792" started-at="2018-04-26T02:58:47Z" finished-at="2018-04-26T02:58:48Z">
          <reporter-output>
          </reporter-output>
        </test-method> <!-- tearDown -->
        <test-method status="PASS" signature="setUp()[pri:0, instance:com.paymentgateway.ui.dmz.testcases.DomainRegistrationPreAuth@6eebc39e]" name="setUp" is-config="true" duration-ms="7132" started-at="2018-04-26T02:58:48Z" finished-at="2018-04-26T02:58:55Z">
          <reporter-output>
          </reporter-output>
        </test-method> <!-- setUp -->
        <test-method status="PASS" signature="verifyPreAuthorization(java.lang.String, java.lang.String, java.lang.String, java.lang.String)[pri:1, instance:com.paymentgateway.ui.dmz.testcases.DomainRegistrationPreAuth@6eebc39e]" name="verifyPreAuthorization" duration-ms="19421" started-at="2018-04-26T02:58:55Z" data-provider="getPaymentGatewayTestData" finished-at="2018-04-26T02:59:15Z">
          <params>
            <param index="0">
              <value>
                <![CDATA[Non-Migrated Customer]]>
              </value>
            </param>
            <param index="1">
              <value>
                <![CDATA[New]]>
              </value>
            </param>
            <param index="2">
              <value>
                <![CDATA[DOM-1218]]>
              </value>
            </param>
            <param index="3">
              <value>
                <![CDATA[comein22]]>
              </value>
            </param>
          </params>
          <reporter-output>
          </reporter-output>
        </test-method> <!-- verifyPreAuthorization -->
        <test-method status="PASS" signature="tearDown()[pri:0, instance:com.paymentgateway.ui.dmz.testcases.DomainRegistrationPreAuth@6eebc39e]" name="tearDown" is-config="true" duration-ms="724" started-at="2018-04-26T02:59:15Z" finished-at="2018-04-26T02:59:16Z">
          <reporter-output>
          </reporter-output>
        </test-method> <!-- tearDown -->
      </class> <!-- com.paymentgateway.ui.dmz.testcases.DomainRegistrationPreAuth -->
    </test> <!-- Payment Gateway Test Cases -->
  </suite> <!-- Payment Gateway Project Test Automation Regression Test Suite -->
</testng-results>
