<?xml version="1.0" encoding="UTF-8"?>
<!-- Generated by org.testng.reporters.JUnitXMLReporter -->
<testsuite hostname="MIT01524" ignored="1" name="Payment Gateway Test Cases" tests="3" failures="0" timestamp="04 Jun 2018 00:07:59 GMT" time="661.142" errors="0">
  <testcase name="verifySingleDomainandSingleProductOrderInSalesDB" time="267.034" classname="com.paymentgateway.ui.dmz.testcases.DomainzSalesDBJourneyTest"/>
  <testcase name="verifySingleDomainandMultipleProductsOrderInSalesDB" time="223.661" classname="com.paymentgateway.ui.dmz.testcases.DomainzSalesDBJourneyTest"/>
  <testcase name="verifyMultipleProductsOrderInSalesDB" time="170.418" classname="com.paymentgateway.ui.dmz.testcases.DomainzSalesDBJourneyTest"/>
  <testcase name="verifySingleDomainOrderInSalesDB" time="0.0" classname="com.paymentgateway.ui.dmz.testcases.DomainzSalesDBJourneyTest">
    <ignored/>
  </testcase> <!-- verifySingleDomainOrderInSalesDB -->
</testsuite> <!-- Payment Gateway Test Cases -->
