<?xml version="1.0" encoding="UTF-8"?>
<!-- Generated by org.testng.reporters.JUnitXMLReporter -->
<testsuite hostname="MIT01524" ignored="1" name="Regression Test Cases" tests="1" failures="0" timestamp="02 Nov 2018 05:43:35 GMT" time="117.034" errors="0">
  <testcase name="QuestDomainz_VerifyCreateOrderPaidViaInvoiceInSalesDB" time="116.983" classname="com.paymentgateway.uat.quest.domainz.testcases.SalesDBJourneyTest"/>
  <testcase name="QuestDomainz_VerifyCreateOrderPaidViaCreditCardInSalesDB" time="0.0" classname="com.paymentgateway.uat.quest.domainz.testcases.SalesDBJourneyTest">
    <ignored/>
  </testcase> <!-- QuestDomainz_VerifyCreateOrderPaidViaCreditCardInSalesDB -->
</testsuite> <!-- Regression Test Cases -->
