<?xml version="1.0" encoding="UTF-8"?>
<!-- Generated by org.testng.reporters.JUnitXMLReporter -->
<testsuite hostname="MIT01524" ignored="6" name="Payment Gateway Migration - Braintree Post Validation Test Cases" tests="1" failures="0" timestamp="30 Jan 2019 06:26:23 GMT" time="1199.543" errors="0">
  <testcase name="generateCustomerDataWithDomainRegistrationAndEnableAutoRenew" time="1199.52" classname="com.paymentgateway.testdatacreation.testcases.DomainzDataCreationTest"/>
  <testcase name="createPropertyFileForDecryptedDataVerification" time="0.0" classname="com.paymentgateway.testdatacreation.testcases.DomainzDataCreationTest">
    <ignored/>
  </testcase> <!-- createPropertyFileForDecryptedDataVerification -->
  <testcase name="createTextFileForGreencodeAndCreditCardDetails" time="0.0" classname="com.paymentgateway.testdatacreation.testcases.DomainzDataCreationTest">
    <ignored/>
  </testcase> <!-- createTextFileForGreencodeAndCreditCardDetails -->
  <testcase name="generateCustomerDataWithYearlyBillingProduct" time="0.0" classname="com.paymentgateway.testdatacreation.testcases.DomainzDataCreationTest">
    <ignored/>
  </testcase> <!-- generateCustomerDataWithYearlyBillingProduct -->
  <testcase name="generateCustomerDataWithMonthlyBillingProduct" time="0.0" classname="com.paymentgateway.testdatacreation.testcases.DomainzDataCreationTest">
    <ignored/>
  </testcase> <!-- generateCustomerDataWithMonthlyBillingProduct -->
  <testcase name="generateCustomerDataWithOutstandingInvoice" time="0.0" classname="com.paymentgateway.testdatacreation.testcases.DomainzDataCreationTest">
    <ignored/>
  </testcase> <!-- generateCustomerDataWithOutstandingInvoice -->
  <testcase name="generateCustomerDataWithDefaultCreditCard" time="0.0" classname="com.paymentgateway.testdatacreation.testcases.DomainzDataCreationTest">
    <ignored/>
  </testcase> <!-- generateCustomerDataWithDefaultCreditCard -->
</testsuite> <!-- Payment Gateway Migration - Braintree Post Validation Test Cases -->
