<?xml version="1.0" encoding="UTF-8"?>
<!-- Generated by org.testng.reporters.JUnitXMLReporter -->
<testsuite hostname="MIT01524" ignored="2" name="Payment Gateway Data Creation Test Cases" tests="5" failures="0" timestamp="11 Oct 2018 00:50:57 GMT" time="2583.167" errors="0">
  <testcase name="generateCustomerDataWithDomainRegistrationAndEnableAutoRenew" time="473.027" classname="com.paymentgateway.testdatacreation.testcases.DomainzDataCreationTest"/>
  <testcase name="generateCustomerDataWithMonthlyBillingProduct" time="659.16" classname="com.paymentgateway.testdatacreation.testcases.DomainzDataCreationTest"/>
  <testcase name="generateCustomerDataWithYearlyBillingProduct" time="588.665" classname="com.paymentgateway.testdatacreation.testcases.DomainzDataCreationTest"/>
  <testcase name="generateCustomerDataWithOutstandingInvoice" time="533.115" classname="com.paymentgateway.testdatacreation.testcases.DomainzDataCreationTest"/>
  <testcase name="generateCustomerDataWithDefaultCreditCard" time="329.156" classname="com.paymentgateway.testdatacreation.testcases.DomainzDataCreationTest"/>
  <testcase name="getDetailsForCustomerWithOutstandingInvoice" time="0.0" classname="com.paymentgateway.testdatacreation.testcases.DomainzDataCreationTest">
    <ignored/>
  </testcase> <!-- getDetailsForCustomerWithOutstandingInvoice -->
  <testcase name="getDetailsForCustomerWithDefaultCreditCard" time="0.0" classname="com.paymentgateway.testdatacreation.testcases.DomainzDataCreationTest">
    <ignored/>
  </testcase> <!-- getDetailsForCustomerWithDefaultCreditCard -->
</testsuite> <!-- Payment Gateway Data Creation Test Cases -->
